2017-09-21 开启--------------------
19:21:28:262 版本:V7.33
19:22:29:332 获取zhb.zip并解压
2017-09-21 19:34:35 关闭-----------

2017-09-22 开启--------------------
13:31:35:933 版本:V7.33
13:31:51:143 获取zhb.zip并解压
2017-09-22 13:32:20 关闭-----------

2017-09-22 开启--------------------
13:32:49:419 版本:V7.33
2017-09-22 13:45:33 关闭-----------

2017-09-22 开启--------------------
13:46:59:645 版本:V7.33
2017-09-22 13:47:19 关闭-----------

2017-09-22 开启--------------------
13:51:19:859 版本:V7.33
2017-09-22 13:51:36 关闭-----------

2017-10-06 开启--------------------
20:19:10:518 版本:V7.33
20:23:03:227 获取zhb.zip并解压
2017-10-06 20:26:56 关闭-----------

2017-10-09 开启--------------------
12:52:17:287 版本:V7.33
2017-10-09 12:53:02 关闭-----------

2017-10-11 开启--------------------
17:21:13:049 版本:V7.33
17:21:45:389 获取zhb.zip并解压
2017-10-11 17:36:01 关闭-----------

2017-10-11 开启--------------------
17:36:30:357 版本:V7.33
2017-10-11 17:45:33 关闭-----------

2017-10-11 开启--------------------
22:53:47:794 版本:V7.33
2017-10-11 22:54:43 关闭-----------

2017-10-12 开启--------------------
22:12:03:434 版本:V7.33
22:12:31:124 获取zhb.zip并解压
2017-10-12 22:19:51 关闭-----------

2017-10-19 开启--------------------
01:42:22:180 版本:V7.33
01:43:41:143 获取zhb.zip并解压
2017-10-19 开启--------------------
02:11:32:877 版本:V7.33
2017-10-19 02:15:44 关闭-----------

2017-10-19 开启--------------------
02:15:57:810 版本:V7.33
2017-10-19 02:22:23 关闭-----------

2017-10-19 开启--------------------
15:40:08:284 版本:V7.33
15:40:19:386 获取zhb.zip并解压
2017-10-19 15:41:14 关闭-----------

2017-10-19 开启--------------------
15:48:25:497 版本:V7.33
2017-10-19 15:48:43 关闭-----------

2017-10-19 开启--------------------
15:49:58:151 版本:V7.33
2017-10-19 16:33:50 关闭-----------

2017-10-20 开启--------------------
00:00:26:318 版本:V7.33
2017-10-20 00:00:50 关闭-----------

2017-10-20 开启--------------------
00:01:23:446 版本:V7.33
2017-10-20 00:03:51 关闭-----------

2017-10-20 开启--------------------
00:04:03:763 版本:V7.33
2017-10-20 00:04:38 关闭-----------

2017-10-20 开启--------------------
00:04:40:144 版本:V7.33
2017-10-20 00:04:49 关闭-----------

2017-10-28 开启--------------------
18:49:33:088 版本:V7.33
18:50:00:105 获取zhb.zip并解压
2017-10-28 19:43:19 关闭-----------

2017-11-02 开启--------------------
05:19:30:107 版本:V7.33
05:19:53:583 获取zhb.zip并解压
2017-11-02 05:24:33 关闭-----------

2017-11-02 开启--------------------
05:27:59:906 版本:V7.33
2017-11-02 开启--------------------
05:28:18:152 版本:V7.33
2017-11-02 开启--------------------
05:28:31:699 版本:V7.33
2017-11-02 05:28:40 关闭-----------

2017-11-02 开启--------------------
05:38:14:831 版本:V7.33
2017-11-02 05:38:19 关闭-----------

2017-11-02 开启--------------------
12:50:59:880 版本:V7.33
12:51:29:658 获取zhb.zip并解压
2017-11-02 12:52:03 关闭-----------

2017-11-02 开启--------------------
12:54:57:955 版本:V7.33
2017-11-02 12:55:07 关闭-----------

2017-11-02 开启--------------------
12:55:19:910 版本:V7.33
2017-11-02 13:24:42 关闭-----------

2017-11-02 开启--------------------
13:24:50:503 版本:V7.33
2017-11-02 13:25:37 关闭-----------

2017-11-02 开启--------------------
13:26:22:367 版本:V7.33
2017-11-02 14:07:01 关闭-----------

2017-11-06 开启--------------------
11:55:27:452 版本:V7.33
11:55:53:432 获取zhb.zip并解压
2017-11-06 11:57:46 关闭-----------

2017-11-07 开启--------------------
15:55:38:548 版本:V7.33
15:55:55:578 获取zhb.zip并解压
2017-11-07 15:58:32 关闭-----------

2017-11-07 开启--------------------
20:02:50:181 版本:V7.33
2017-11-07 开启--------------------
20:05:04:664 版本:V7.33
2017-11-07 20:55:39 关闭-----------

2017-11-08 开启--------------------
00:28:53:912 版本:V7.33
2017-11-08 00:58:08 关闭-----------

2017-11-09 开启--------------------
09:54:08:018 版本:V7.33
09:54:20:414 获取zhb.zip并解压
2017-11-09 10:35:35 关闭-----------

2017-11-12 开启--------------------
18:19:35:822 版本:V7.33
18:19:55:442 获取zhb.zip并解压
2017-11-12 19:10:17 关闭-----------

2017-11-14 开启--------------------
00:37:48:764 版本:V7.33
2017-11-14 开启--------------------
20:03:57:819 版本:V7.33
20:04:15:952 获取zhb.zip并解压
2017-11-14 20:05:37 关闭-----------

2017-11-16 开启--------------------
13:41:14:288 版本:V7.33
13:41:52:023 获取zhb.zip并解压
2017-11-16 13:42:43 关闭-----------

2017-11-16 开启--------------------
13:52:23:702 版本:V7.33
2017-11-16 15:45:38 关闭-----------

2017-11-17 开启--------------------
17:56:12:770 版本:V7.33
17:57:15:972 获取zhb.zip并解压
2017-11-17 开启--------------------
18:24:18:632 版本:V7.33
2017-11-17 19:42:46 关闭-----------

2017-11-17 开启--------------------
19:44:27:097 版本:V7.33
2017-11-17 19:45:23 关闭-----------

2017-11-17 开启--------------------
19:46:02:584 版本:V7.33
2017-11-17 19:48:22 关闭-----------

2017-11-17 开启--------------------
19:52:02:725 版本:V7.33
2017-11-17 20:02:20 关闭-----------

2017-11-17 开启--------------------
20:02:35:318 版本:V7.33
2017-11-17 20:03:03 关闭-----------

2017-11-17 开启--------------------
20:04:04:352 版本:V7.33
2017-11-17 20:04:53 关闭-----------

2017-11-17 开启--------------------
20:57:53:696 版本:V7.33
2017-11-17 20:58:40 关闭-----------

2017-11-18 开启--------------------
12:38:04:499 版本:V7.33
12:38:23:218 获取zhb.zip并解压
2017-11-18 12:52:23 关闭-----------

2017-11-19 开启--------------------
14:44:52:531 版本:V7.33
2017-11-19 14:46:07 关闭-----------

2017-11-23 开启--------------------
11:23:33:585 版本:V7.33
11:23:57:763 获取zhb.zip并解压
2017-11-23 15:27:49 关闭-----------

2017-11-25 开启--------------------
10:49:20:967 版本:V7.33
10:49:33:114 获取zhb.zip并解压
2017-11-25 10:50:14 关闭-----------

2017-11-25 开启--------------------
14:28:57:702 版本:V7.33
2017-11-25 17:18:52 关闭-----------

2017-11-28 开启--------------------
22:33:49:450 版本:V7.33
22:34:08:058 获取zhb.zip并解压
2017-11-28 23:00:37 关闭-----------

2017-12-07 开启--------------------
20:47:17:939 版本:V7.33
20:47:27:780 获取zhb.zip并解压
2017-12-07 开启--------------------
20:59:39:276 版本:V7.33
2017-12-07 21:06:55 关闭-----------

2017-12-07 开启--------------------
21:25:41:900 版本:V7.33
2017-12-07 22:03:40 关闭-----------

:59:48:324 版本:V7.33
2017-12-07 22:03:14 关闭-----------

2017-12-07 开启--------------------
22:03:47:770 版本:V7.33
2017-12-07 22:15:47 关闭-----------

2017-12-10 开启--------------------
16:52:15:389 版本:V7.33
16:52:32:497 获取zhb.zip并解压
2017-12-10 21:02:46 关闭-----------

2017-12-12 开启--------------------
15:19:34:599 版本:V7.33
15:19:59:013 获取zhb.zip并解压
2017-12-12 15:48:02 关闭-----------

2017-12-12 开启--------------------
15:48:05:020 版本:V7.33
2017-12-12 20:02:30 关闭-----------

2017-12-14 开启--------------------
18:39:04:950 版本:V7.33
18:39:32:183 获取zhb.zip并解压
2017-12-14 20:53:48 关闭-----------

:41:32:073 版本:V7.33
2017-12-14 18:42:27 关闭-----------

2017-12-15 开启--------------------
10:39:02:893 版本:V7.33
10:39:28:699 获取zhb.zip并解压
2017-12-15 10:42:09 关闭-----------

2017-12-15 开启--------------------
10:42:56:809 版本:V7.33
2017-12-15 11:10:45 关闭-----------

:43:42:454 版本:V7.33
2017-12-15 10:43:59 关闭-----------

2017-12-15 开启--------------------
11:11:09:930 版本:V7.33
2017-12-15 11:14:15 关闭-----------

2017-12-15 开启--------------------
11:14:19:507 版本:V7.33
2017-12-15 11:15:03 关闭-----------

2017-12-16 开启--------------------
16:19:52:034 版本:V7.33
16:20:04:751 获取zhb.zip并解压
2017-12-16 16:21:08 关闭-----------

2017-12-16 开启--------------------
16:22:38:342 版本:V7.33
2017-12-16 16:39:31 关闭-----------

2017-12-16 开启--------------------
16:39:54:269 版本:V7.33
16:39:59:862 获取zhb.zip并解压
2017-12-16 18:56:57 关闭-----------

2017-12-16 开启--------------------
19:00:15:099 版本:V7.33
2017-12-16 22:58:20 关闭-----------

:24:16:068 版本:V7.33
2017-12-16 22:58:20 关闭-----------

2017-12-16 开启--------------------
23:23:37:495 版本:V7.33
2017-12-16 23:41:00 关闭-----------

2017-12-21 开启--------------------
16:51:20:961 版本:V7.33
16:52:01:483 获取zhb.zip并解压
2017-12-21 开启--------------------
22:26:00:643 版本:V7.33
2018-01-17 开启--------------------
21:34:45:747 版本:V7.33
21:35:15:948 获取zhb.zip并解压
2018-01-17 23:31:57 关闭-----------

2018-01-20 开启--------------------
23:06:50:098 版本:V7.33
23:07:01:357 获取zhb.zip并解压
2018-01-20 23:29:35 关闭-----------

2018-01-21 开启--------------------
19:25:33:843 版本:V7.33
2018-01-21 22:19:35 关闭-----------

2018-01-23 开启--------------------
00:33:41:114 版本:V7.33
2018-01-23 01:24:51 关闭-----------

2018-01-23 开启--------------------
20:55:12:489 版本:V7.33
20:56:53:049 获取zhb.zip并解压
00:00:00:906 系统时间:23:59->00:00
2018-01-24 00:00:35 关闭-----------

2018-01-24 开启--------------------
00:00:40:318 版本:V7.33
2018-01-24 00:10:48 关闭-----------

2018-01-27 开启--------------------
14:07:50:313 版本:V7.33
14:08:10:249 获取zhb.zip并解压
2018-01-27 22:48:22 关闭-----------

2018-01-28 开启--------------------
20:46:15:230 版本:V7.33
20:46:27:054 获取zhb.zip并解压
2018-01-28 20:50:02 关闭-----------

2018-01-28 开启--------------------
20:51:13:657 版本:V7.33
2018-01-28 22:06:20 关闭-----------

2018-01-28 开启--------------------
22:33:50:333 版本:V7.33
2018-01-28 开启--------------------
22:41:04:527 版本:V7.33
2018-01-28 22:51:02 关闭-----------

2018-02-14 开启--------------------
20:25:03:462 版本:V7.33
20:25:26:062 获取zhb.zip并解压
2018-02-14 20:41:25 关闭-----------

2018-06-28 开启--------------------
18:11:51:544 版本:V7.33
18:12:04:450 获取zhb.zip并解压
18:12:18:639 人工升级:V7.33 -> 
2018-06-28 18:12:27 关闭-----------

2018-06-28 开启--------------------
18:12:35:318 版本:V7.33
18:12:42:871 人工升级:V7.33 -> 
2018-06-28 18:41:54 关闭-----------

2018-07-21 开启--------------------
18:55:57:235 版本:V7.33
18:56:16:326 获取zhb.zip并解压
18:56:30:192 人工升级:V7.33 -> 
2018-07-21 23:22:29 关闭-----------

2018-07-22 开启--------------------
09:24:36:125 版本:V7.33
09:24:47:602 获取zhb.zip并解压
09:24:53:860 人工升级:V7.33 -> 
2018-07-22 09:42:17 关闭-----------

2018-07-25 开启--------------------
12:06:07:113 版本:V7.33
12:06:14:561 获取zhb.zip并解压
12:06:19:917 人工升级:V7.33 -> 
2018-07-25 12:26:38 关闭-----------

2018-07-25 开启--------------------
12:42:48:121 版本:V7.33
12:42:53:398 人工升级:V7.33 -> 
2018-07-25 12:45:40 关闭-----------

2018-07-26 开启--------------------
21:28:29:491 版本:V7.33
21:28:56:388 获取zhb.zip并解压
21:29:11:538 人工升级:V7.33 -> 
2018-07-26 21:32:43 关闭-----------

2018-07-26 开启--------------------
22:50:06:939 版本:V7.33
22:50:13:306 人工升级:V7.33 -> 
2018-07-26 23:35:35 关闭-----------

2018-07-30 开启--------------------
12:27:56:158 版本:V7.33
12:28:03:516 获取zhb.zip并解压
12:28:08:149 人工升级:V7.33 -> 
2018-07-30 18:34:25 关闭-----------

2018-07-30 开启--------------------
22:10:18:375 版本:V7.33
22:10:35:500 人工升级:V7.33 -> 
2018-07-30 22:17:31 关闭-----------

2018-07-30 开启--------------------
22:31:30:292 版本:V7.33
22:31:37:554 人工升级:V7.33 -> 
2018-07-30 23:04:55 关闭-----------

2018-07-31 开启--------------------
21:38:02:272 版本:V7.33
21:38:14:828 获取zhb.zip并解压
21:38:21:426 人工升级:V7.33 -> 
2018-07-31 22:15:45 关闭-----------

:57:22:293 版本:V7.33
21:57:30:652 人工升级:V7.33 -> 
2018-07-31 21:57:35 关闭-----------

2018-07-31 开启--------------------
22:33:40:204 版本:V7.33
22:33:46:792 人工升级:V7.33 -> 
2018-07-31 开启--------------------
22:40:48:264 版本:V7.33
22:40:52:394 人工升级:V7.33 -> 
2018-07-31 22:46:47 关闭-----------

2018-08-01 开启--------------------
20:55:22:487 版本:V7.33
20:55:42:012 获取zhb.zip并解压
20:55:51:697 人工升级:V7.33 -> 
2018-08-01 20:57:28 关闭-----------

2018-08-01 开启--------------------
20:57:36:033 版本:V7.33
20:57:48:434 人工升级:V7.33 -> 
2018-08-01 21:00:39 关闭-----------

2018-08-01 开启--------------------
21:00:40:868 版本:V7.33
21:00:52:764 人工升级:V7.33 -> 
2018-08-01 21:01:46 关闭-----------

2018-08-01 开启--------------------
21:01:47:908 版本:V7.33
21:01:53:185 人工升级:V7.33 -> 
00:00:01:486 系统时间:23:59->00:00
2018-08-02 00:00:05 关闭-----------

2018-08-02 开启--------------------
00:00:05:591 版本:V7.33
00:00:09:537 人工升级:V7.33 -> 
2018-08-02 00:00:11 关闭-----------

2018-08-03 开启--------------------
00:20:28:454 版本:V7.33
00:20:35:083 获取zhb.zip并解压
00:20:41:476 人工升级:V7.33 -> 
2018-08-03 00:53:28 关闭-----------

2018-08-03 开启--------------------
13:58:06:010 版本:V7.33
13:58:11:008 获取zhb.zip并解压
2018-08-03 14:05:20 关闭-----------

2018-08-03 开启--------------------
14:23:41:160 版本:V7.33
2018-08-03 14:27:41 关闭-----------

2018-08-03 开启--------------------
14:34:20:679 版本:V7.33
2018-08-03 18:24:04 关闭-----------

2018-08-08 开启--------------------
23:23:28:479 版本:V7.33
23:23:39:287 获取zhb.zip并解压
23:23:45:876 人工升级:V7.33 -> 
2018-08-08 23:56:39 关闭-----------

2018-08-10 开启--------------------
23:43:36:684 版本:V7.33
23:43:43:414 获取zhb.zip并解压
23:43:50:108 人工升级:V7.33 -> 
00:00:01:254 系统时间:23:59->00:00
2018-08-11 00:15:43 关闭-----------

2018-08-14 开启--------------------
11:17:42:066 版本:V7.33
11:17:50:461 获取zhb.zip并解压
2018-08-14 13:50:42 关闭-----------

2018-08-17 开启--------------------
13:55:37:834 版本:V7.33
13:55:52:769 获取zhb.zip并解压
2018-08-17 13:56:07 关闭-----------

2018-08-17 开启--------------------
13:56:56:945 版本:V7.33
2018-08-17 13:57:38 关闭-----------

2018-08-17 开启--------------------
13:59:15:794 版本:V7.33
2018-08-17 13:59:25 关闭-----------

2018-08-17 开启--------------------
14:02:24:031 版本:V7.33
2018-08-17 14:04:07 关闭-----------

2018-08-17 开启--------------------
14:04:49:389 版本:V7.33
2018-08-17 14:07:25 关闭-----------

2018-08-17 开启--------------------
14:07:54:820 版本:V7.33
2018-08-17 14:09:01 关闭-----------

2018-08-17 开启--------------------
14:09:53:566 版本:V7.33
14:10:04:672 获取zhb.zip并解压
2018-08-17 14:11:06 关闭-----------

2018-08-17 开启--------------------
14:11:08:154 版本:V7.33
2018-08-17 14:11:53 关闭-----------

2018-08-17 开启--------------------
14:13:28:862 版本:V7.33
14:13:32:571 获取zhb.zip并解压
2018-08-17 14:14:24 关闭-----------

2018-09-08 开启--------------------
23:59:10:792 版本:V7.33
2018-09-08 23:59:20 关闭-----------

2018-09-09 开启--------------------
00:47:16:361 版本:V7.33
00:47:22:638 获取zhb.zip并解压
00:47:26:796 人工升级:V7.33 -> 
2018-09-09 00:51:28 关闭-----------

2018-09-29 开启--------------------
18:13:55:807 版本:V7.33
18:14:06:392 获取zhb.zip并解压
18:14:23:281 人工升级:V7.33 -> 
2018-09-29 18:46:47 关闭-----------

2018-10-09 开启--------------------
14:40:57:795 版本:V7.33
14:41:08:670 获取zhb.zip并解压
2018-10-09 15:19:07 关闭-----------

2018-10-09 开启--------------------
21:36:55:123 版本:V7.33
21:37:04:090 人工升级:V7.33 -> 
2018-10-09 21:48:04 关闭-----------

2018-10-09 开启--------------------
21:48:32:788 版本:V7.33
21:48:37:478 人工升级:V7.33 -> 
2018-10-09 21:51:34 关闭-----------

2018-10-09 开启--------------------
21:51:36:851 版本:V7.33
21:51:41:008 人工升级:V7.33 -> 
2018-10-09 21:52:51 关闭-----------

2018-10-09 开启--------------------
21:52:53:718 版本:V7.33
21:52:58:418 人工升级:V7.33 -> 
2018-10-09 21:55:49 关闭-----------

2018-10-09 开启--------------------
21:55:52:047 版本:V7.33
21:55:56:009 人工升级:V7.33 -> 
2018-10-09 21:58:14 关闭-----------

2018-10-09 开启--------------------
21:58:19:093 版本:V7.33
21:58:22:763 人工升级:V7.33 -> 
2018-10-09 22:02:49 关闭-----------

2018-10-09 开启--------------------
22:02:50:017 版本:V7.33
22:02:54:123 人工升级:V7.33 -> 
2018-10-09 22:04:08 关闭-----------

2018-10-09 开启--------------------
22:04:09:206 版本:V7.33
22:04:13:374 人工升级:V7.33 -> 
2018-10-09 22:04:55 关闭-----------

2018-10-09 开启--------------------
22:05:01:059 版本:V7.33
22:05:05:213 人工升级:V7.33 -> 
2018-10-09 22:05:52 关闭-----------

2018-10-09 开启--------------------
22:05:53:110 版本:V7.33
22:05:57:784 人工升级:V7.33 -> 
2018-10-09 22:08:55 关闭-----------

2018-10-09 开启--------------------
22:29:50:335 版本:V7.33
22:29:54:807 人工升级:V7.33 -> 
2018-10-09 22:32:11 关闭-----------

2018-10-09 开启--------------------
22:32:18:513 版本:V7.33
22:32:36:754 人工升级:V7.33 -> 
2018-10-09 22:33:35 关闭-----------

2018-10-09 开启--------------------
22:33:36:010 版本:V7.33
22:33:48:095 人工升级:V7.33 -> 
2018-10-09 22:35:52 关闭-----------

:35:52:680 版本:V7.33
22:35:57:157 人工升级:V7.33 -> 
2018-10-09 22:36:25 关闭-----------

2018-10-09 开启--------------------
22:36:26:032 版本:V7.33
22:36:30:423 人工升级:V7.33 -> 
2018-10-09 22:36:38 关闭-----------

2018-10-09 开启--------------------
22:36:54:571 版本:V7.33
22:36:59:045 人工升级:V7.33 -> 
2018-10-09 22:38:18 关闭-----------

2018-10-09 开启--------------------
22:38:20:813 版本:V7.33
22:38:25:412 人工升级:V7.33 -> 
2018-10-09 22:38:30 关闭-----------

2018-10-09 开启--------------------
22:38:52:741 版本:V7.33
22:38:56:914 人工升级:V7.33 -> 
2018-10-09 22:39:33 关闭-----------

2018-10-09 开启--------------------
22:39:41:987 版本:V7.33
22:39:46:197 人工升级:V7.33 -> 
2018-10-09 22:39:51 关闭-----------

2018-10-09 开启--------------------
22:40:12:914 版本:V7.33
22:40:17:380 人工升级:V7.33 -> 
2018-10-09 22:40:44 关闭-----------

:40:43:905 版本:V7.33
22:40:48:078 人工升级:V7.33 -> 
2018-10-09 22:41:08 关闭-----------

2018-10-09 开启--------------------
22:41:11:278 版本:V7.33
22:41:15:487 人工升级:V7.33 -> 
2018-10-09 22:41:43 关闭-----------

2018-10-09 开启--------------------
22:41:45:576 版本:V7.33
22:41:50:180 人工升级:V7.33 -> 
2018-10-09 22:45:20 关闭-----------

2018-10-09 开启--------------------
22:45:22:251 版本:V7.33
22:45:26:744 人工升级:V7.33 -> 
2018-10-09 22:45:33 关闭-----------

2018-10-09 开启--------------------
23:18:22:525 版本:V7.33
23:18:27:124 人工升级:V7.33 -> 
2018-10-09 23:18:32 关闭-----------

2018-10-09 开启--------------------
23:18:54:920 版本:V7.33
23:19:00:436 人工升级:V7.33 -> 
2018-10-09 23:26:42 关闭-----------

2018-10-09 开启--------------------
23:26:44:322 版本:V7.33
23:26:49:811 人工升级:V7.33 -> 
2018-10-09 23:29:09 关闭-----------

2018-10-09 开启--------------------
23:29:10:859 版本:V7.33
23:29:15:124 人工升级:V7.33 -> 
2018-10-09 23:30:55 关闭-----------

2018-10-09 开启--------------------
23:32:03:718 版本:V7.33
23:32:08:619 人工升级:V7.33 -> 
2018-10-09 开启--------------------
23:33:16:249 版本:V7.33
23:33:20:664 人工升级:V7.33 -> 
2018-10-09 23:34:38 关闭-----------

2018-10-10 开启--------------------
09:25:50:995 版本:V7.33
09:26:01:021 获取zhb.zip并解压
2018-10-10 09:27:39 关闭-----------

2018-10-10 开启--------------------
09:27:40:547 版本:V7.33
2018-10-10 09:30:33 关闭-----------

2018-10-10 开启--------------------
09:51:54:645 版本:V7.33
2018-10-10 09:52:28 关闭-----------

2018-10-10 开启--------------------
09:52:33:946 版本:V7.33
2018-10-10 09:52:54 关闭-----------

2018-10-10 开启--------------------
09:52:55:119 版本:V7.33
2018-10-10 10:37:41 关闭-----------

2018-10-10 开启--------------------
10:37:49:843 版本:V7.33
2018-10-10 10:39:18 关闭-----------

2018-10-10 开启--------------------
10:42:19:033 版本:V7.33
10:42:24:426 获取zhb.zip并解压
2018-10-10 10:42:55 关闭-----------

2018-10-10 开启--------------------
10:43:01:088 版本:V7.33
2018-10-10 10:43:42 关闭-----------

2018-10-10 开启--------------------
10:43:45:167 版本:V7.33
2018-10-10 10:45:42 关闭-----------

2018-10-10 开启--------------------
10:45:43:844 版本:V7.33
12:17:37:402 程序被通知关闭
2018-10-10 12:17:39 关闭-----------

03:916 人工升级:V7.33 -> 
2018-10-10 12:17:06 关闭-----------

2019-04-21 开启--------------------
22:03:37:043 版本:V7.33
22:03:44:093 获取zhb.zip并解压
22:03:57:464 人工升级:V7.33 -> 
2019-04-21 22:04:10 关闭-----------

2019-04-21 开启--------------------
22:04:40:349 版本:V7.33
22:04:43:543 人工升级:V7.33 -> 
2019-04-21 22:04:51 关闭-----------

2019-04-21 开启--------------------
22:05:14:019 版本:V7.33
22:05:17:107 人工升级:V7.33 -> 
2019-04-21 22:05:25 关闭-----------

2019-04-21 开启--------------------
22:05:56:999 版本:V7.33
22:06:01:433 人工升级:V7.33 -> 
2019-04-21 22:06:09 关闭-----------

2019-04-21 开启--------------------
22:09:00:056 版本:V7.33
22:09:03:374 人工升级:V7.33 -> 
2019-04-21 22:09:10 关闭-----------

2019-04-21 开启--------------------
22:26:59:405 版本:V7.33
2019-04-21 22:27:50 关闭-----------

2019-04-21 开启--------------------
22:28:08:249 版本:V7.33
2019-04-21 开启--------------------
22:31:01:071 版本:V7.33
22:33:14:441 人工升级:V7.33 -> 
2019-04-21 22:33:29 关闭-----------

2019-04-21 开启--------------------
22:33:56:093 版本:V7.33
22:34:00:622 人工升级:V7.33 -> 
2019-04-21 22:53:48 关闭-----------

2019-04-21 开启--------------------
22:53:53:436 版本:V7.33
2019-04-22 开启--------------------
04:33:12:367 版本:V7.33
04:34:06:147 人工升级:V7.33 -> 
2019-04-22 04:34:17 关闭-----------

2019-04-22 开启--------------------
04:41:16:737 版本:V7.33
04:41:27:171 人工升级:V7.33 -> 
2019-04-22 04:41:58 关闭-----------

2019-04-22 开启--------------------
04:51:50:295 版本:V7.33
04:52:30:479 人工升级:V7.33 -> 
2019-04-22 04:52:38 关闭-----------

2019-04-22 开启--------------------
04:54:41:046 版本:V7.33
04:55:27:277 人工升级:V7.33 -> 
2019-04-22 04:55:41 关闭-----------

2019-04-22 开启--------------------
04:57:24:721 版本:V7.33
04:57:34:933 人工升级:V7.33 -> 
2019-04-22 04:57:50 关闭-----------

2019-04-22 开启--------------------
04:58:48:471 版本:V7.33
04:59:12:614 人工升级:V7.33 -> 
2019-04-22 04:59:24 关闭-----------

2019-04-22 开启--------------------
05:00:10:820 版本:V7.33
05:00:37:360 人工升级:V7.33 -> 
2019-04-22 05:02:06 关闭-----------

2019-04-22 开启--------------------
05:02:10:634 版本:V7.33
05:02:20:994 人工升级:V7.33 -> 
2019-04-22 05:27:44 关闭-----------

:10:20:971 版本:V7.33
05:11:12:862 人工升级:V7.33 -> 
2019-04-22 05:11:21 关闭-----------

2019-04-22 开启--------------------
05:27:45:278 版本:V7.33
05:27:56:048 人工升级:V7.33 -> 
2019-04-22 05:28:04 关闭-----------

2019-04-22 开启--------------------
05:28:41:630 版本:V7.33
05:29:24:526 人工升级:V7.33 -> 
2019-04-22 05:30:22 关闭-----------

2019-04-22 开启--------------------
05:34:42:828 版本:V7.33
05:34:54:001 人工升级:V7.33 -> 
2019-04-22 05:36:18 关闭-----------

2019-04-22 开启--------------------
05:37:07:656 版本:V7.33
05:37:37:300 人工升级:V7.33 -> 
2019-04-22 08:48:40 关闭-----------

2019-04-22 开启--------------------
10:02:40:903 版本:V7.33
2019-04-22 10:04:12 关闭-----------

2019-04-23 开启--------------------
05:26:52:206 版本:V7.33
05:27:13:340 人工升级:V7.33 -> 
2019-04-23 05:28:00 关闭-----------

2019-04-23 开启--------------------
12:42:10:134 版本:V7.33
12:47:07:632 获取zhb.zip并解压
2019-04-23 12:52:39 关闭-----------

2019-04-23 开启--------------------
12:52:57:744 版本:V7.33
2019-04-23 13:00:58 关闭-----------

2019-04-23 开启--------------------
13:02:15:468 版本:V7.33
2019-04-23 13:06:47 关闭-----------

:05:37:688 版本:V7.33
2019-04-23 13:07:15 关闭-----------

2019-04-23 开启--------------------
13:07:16:726 版本:V7.33
2019-04-23 13:09:08 关闭-----------

2019-04-23 开启--------------------
13:11:24:562 版本:V7.33
2019-04-23 13:13:43 关闭-----------

2019-04-23 开启--------------------
15:00:48:240 版本:V7.33
2019-04-23 15:07:51 关闭-----------

2019-04-23 开启--------------------
15:11:43:503 版本:V7.33
2019-04-23 15:13:36 关闭-----------

2019-04-23 开启--------------------
17:32:47:469 版本:V7.33
17:32:51:569 人工升级:V7.33 -> 
2019-04-23 17:35:17 关闭-----------

2019-04-23 开启--------------------
17:35:41:122 版本:V7.33
17:35:45:024 人工升级:V7.33 -> 
2019-04-23 17:42:03 关闭-----------

2019-04-23 开启--------------------
17:47:59:341 版本:V7.33
17:48:03:254 人工升级:V7.33 -> 
2019-04-23 17:49:44 关闭-----------

2019-04-23 开启--------------------
17:50:04:046 版本:V7.33
17:50:07:964 人工升级:V7.33 -> 
2019-04-23 17:51:03 关闭-----------

2019-04-26 开启--------------------
01:37:29:932 版本:V7.33
01:38:43:949 获取zhb.zip并解压
01:39:14:202 人工升级:V7.33 -> 
2019-04-26 01:39:55 关闭-----------

2019-04-26 开启--------------------
01:44:10:466 版本:V7.33
01:44:22:482 人工升级:V7.33 -> 
2019-04-26 01:46:38 关闭-----------

2019-04-27 开启--------------------
22:57:38:427 版本:V7.33
22:59:26:968 获取zhb.zip并解压
23:06:28:055 人工升级:V7.33 -> 
2019-04-27 23:07:43 关闭-----------

2019-05-07 开启--------------------
00:01:03:242 版本:V7.33
00:02:17:883 获取zhb.zip并解压
00:03:04:873 人工升级:V7.33 -> 
2019-05-07 00:03:43 关闭-----------

2019-05-10 开启--------------------
13:24:52:467 版本:V7.33
13:26:01:249 获取zhb.zip并解压
2019-05-10 15:12:20 关闭-----------

2019-05-10 开启--------------------
15:12:36:410 版本:V7.33
2019-05-10 15:16:11 关闭-----------

2019-05-10 开启--------------------
15:17:46:002 版本:V7.33
15:17:57:504 人工升级:V7.33 -> 
2019-05-10 15:30:44 关闭-----------

2019-05-10 开启--------------------
15:30:52:086 版本:V7.33
15:31:44:790 人工升级:V7.33 -> 
2019-05-10 15:45:58 关闭-----------

2019-05-10 开启--------------------
15:46:04:550 版本:V7.33
15:47:20:144 人工升级:V7.33 -> 
2019-05-10 16:29:00 关闭-----------

2019-06-28 开启--------------------
03:26:59:565 版本:V7.33
03:27:17:544 获取zhb.zip并解压
03:27:38:654 人工升级:V7.33 -> 
2019-06-28 03:31:37 关闭-----------

2019-06-28 开启--------------------
03:31:40:795 版本:V7.33
03:31:46:777 人工升级:V7.33 -> 
2019-06-28 03:32:39 关闭-----------

2019-06-28 开启--------------------
23:58:27:296 版本:V7.33
00:00:52:019 获取zhb.zip并解压
00:01:52:293 人工升级:V7.33 -> 
2019-06-29 00:16:36 关闭-----------

